<?xml version="1.0" encoding="UTF-8"?>
<!-- Generated by org.testng.reporters.JUnitReportReporter -->
<testsuite hostname="VINYA" failures="0" tests="1" name="Jenkins_Testcase.Tata_Test" time="26.164" errors="0" timestamp="2022-12-13T11:37:24 IST" skipped="0">
  <testcase classname="Jenkins_Testcase.Tata_Test" name="tata" time="26.164"/>
  <system-out/>
</testsuite> <!-- Jenkins_Testcase.Tata_Test -->
