<?xml version="1.0" encoding="UTF-8"?>
<!-- Generated by org.testng.reporters.JUnitReportReporter -->
<testsuite hostname="VINYA" failures="0" tests="1" name="Jenkins_Testcase.Mitsubishi_Test" time="12.572" errors="0" timestamp="2022-12-13T11:37:24 IST" skipped="0">
  <testcase classname="Jenkins_Testcase.Mitsubishi_Test" name="tata" time="12.572"/>
  <system-out/>
</testsuite> <!-- Jenkins_Testcase.Mitsubishi_Test -->
